
resolvers       | caches | path '/home/travis/.texmf-var' created
mtx-context     | run 1: luatex --fmt="/var/lib/texmf/luatex-cache/context/b47c3d3cee7cb6c86268d0595268c442/formats/luatex/cont-en" --jobname="index" --lua="/var/lib/texmf/luatex-cache/context/b47c3d3cee7cb6c86268d0595268c442/formats/luatex/cont-en.lui" --no-parse-first-line --c:currentrun=1 --c:fulljobname="web/index.tex" --c:input="web/index.tex" --c:kindofrun=1 --c:maxnofruns=9 --c:result="web/index.pdf" "cont-yes.mkiv"
This is LuaTeX, Version beta-0.80.0 (TeX Live 2015/Debian) (rev 5238) 
 \write18 enabled.
open source     > 1 > 1 > /usr/share/texmf/tex/context/base/cont-yes.mkiv

ConTeXt  ver: 2015.05.18 12:26 MKIV current  fmt: 2019.1.13  int: english/english

system          > 'cont-new.mkiv' loaded
open source     > 2 > 2 > /usr/share/texmf/tex/context/base/cont-new.mkiv
close source    > 2 > 2 > /usr/share/texmf/tex/context/base/cont-new.mkiv
system          > files > jobname 'index', input 'web/index', result 'web/index.pdf'
fonts           > latin modern fonts are not preloaded
languages       > language 'en' is active
open source     > 2 > 3 > web/index.tex
colors          > defining > unknown library 'hex'
open source     > 3 > 4 > /usr/share/texmf/tex/context/base/type-imp-texgyre.mkiv
close source    > 3 > 4 > /usr/share/texmf/tex/context/base/type-imp-texgyre.mkiv
fonts           > names > warnings are disabled (tracker 'fonts.warnings')
fonts           > names > identifying tree font files with suffix 'otf'
fonts           > names > scanning path '/etc/texmf' for otf files
fonts           > names > 0 entries found, 0 otf files checked, 0 okay
fonts           > names > scanning path '/var/lib/texmf' for otf files
fonts           > names > 0 entries found, 0 otf files checked, 0 okay
fonts           > names > scanning path '/usr/local/share/texmf' for otf files
fonts           > names > 0 entries found, 0 otf files checked, 0 okay
fonts           > names > scanning path '/usr/share/texmf' for otf files
fonts           > names > 0 entries found, 73 otf files checked, 73 okay
fonts           > names > scanning path '/usr/share/texlive/texmf-dist' for otf files
fonts           > names > 0 entries found, 2 otf files checked, 2 okay
fonts           > names > identifying tree font files with suffix 'OTF'
fonts           > names > scanning path '/etc/texmf' for OTF files
fonts           > names > 0 entries found, 0 OTF files checked, 0 okay
fonts           > names > scanning path '/var/lib/texmf' for OTF files
fonts           > names > 0 entries found, 0 OTF files checked, 0 okay
fonts           > names > scanning path '/usr/local/share/texmf' for OTF files
fonts           > names > 0 entries found, 0 OTF files checked, 0 okay
fonts           > names > scanning path '/usr/share/texmf' for OTF files
fonts           > names > 0 entries found, 73 OTF files checked, 73 okay
fonts           > names > scanning path '/usr/share/texlive/texmf-dist' for OTF files
fonts           > names > 0 entries found, 2 OTF files checked, 2 okay
fonts           > names > 150 tree files identified, 76 skipped, 76 duplicates, 74 hash entries added, runtime 0.547 seconds
fonts           > names > identifying tree font files with suffix 'ttf'
fonts           > names > scanning path '/etc/texmf' for ttf files
fonts           > names > 0 entries found, 0 ttf files checked, 0 okay
fonts           > names > scanning path '/var/lib/texmf' for ttf files
fonts           > names > 0 entries found, 0 ttf files checked, 0 okay
fonts           > names > scanning path '/usr/local/share/texmf' for ttf files
fonts           > names > 0 entries found, 0 ttf files checked, 0 okay
fonts           > names > scanning path '/usr/share/texmf' for ttf files
fonts           > names > 0 entries found, 0 ttf files checked, 0 okay
fonts           > names > scanning path '/usr/share/texlive/texmf-dist' for ttf files
fonts           > names > 0 entries found, 0 ttf files checked, 0 okay
fonts           > names > identifying tree font files with suffix 'TTF'
fonts           > names > scanning path '/etc/texmf' for TTF files
fonts           > names > 0 entries found, 0 TTF files checked, 0 okay
fonts           > names > scanning path '/var/lib/texmf' for TTF files
fonts           > names > 0 entries found, 0 TTF files checked, 0 okay
fonts           > names > scanning path '/usr/local/share/texmf' for TTF files
fonts           > names > 0 entries found, 0 TTF files checked, 0 okay
fonts           > names > scanning path '/usr/share/texmf' for TTF files
fonts           > names > 0 entries found, 0 TTF files checked, 0 okay
fonts           > names > scanning path '/usr/share/texlive/texmf-dist' for TTF files
fonts           > names > 0 entries found, 0 TTF files checked, 0 okay
fonts           > names > 0 tree files identified, 0 skipped, 0 duplicates, 0 hash entries added, runtime 0.091 seconds
fonts           > names > identifying tree font files with suffix 'ttc'
fonts           > names > scanning path '/etc/texmf' for ttc files
fonts           > names > 0 entries found, 0 ttc files checked, 0 okay
fonts           > names > scanning path '/var/lib/texmf' for ttc files
fonts           > names > 0 entries found, 0 ttc files checked, 0 okay
fonts           > names > scanning path '/usr/local/share/texmf' for ttc files
fonts           > names > 0 entries found, 0 ttc files checked, 0 okay
fonts           > names > scanning path '/usr/share/texmf' for ttc files
fonts           > names > 0 entries found, 0 ttc files checked, 0 okay
fonts           > names > scanning path '/usr/share/texlive/texmf-dist' for ttc files
fonts           > names > 0 entries found, 0 ttc files checked, 0 okay
fonts           > names > identifying tree font files with suffix 'TTC'
fonts           > names > scanning path '/etc/texmf' for TTC files
fonts           > names > 0 entries found, 0 TTC files checked, 0 okay
fonts           > names > scanning path '/var/lib/texmf' for TTC files
fonts           > names > 0 entries found, 0 TTC files checked, 0 okay
fonts           > names > scanning path '/usr/local/share/texmf' for TTC files
fonts           > names > 0 entries found, 0 TTC files checked, 0 okay
fonts           > names > scanning path '/usr/share/texmf' for TTC files
fonts           > names > 0 entries found, 0 TTC files checked, 0 okay
fonts           > names > scanning path '/usr/share/texlive/texmf-dist' for TTC files
fonts           > names > 0 entries found, 0 TTC files checked, 0 okay
fonts           > names > 0 tree files identified, 0 skipped, 0 duplicates, 0 hash entries added, runtime 0.091 seconds
fonts           > names > identifying tree font files with suffix 'dfont'
fonts           > names > scanning path '/etc/texmf' for dfont files
fonts           > names > 0 entries found, 0 dfont files checked, 0 okay
fonts           > names > scanning path '/var/lib/texmf' for dfont files
fonts           > names > 0 entries found, 0 dfont files checked, 0 okay
fonts           > names > scanning path '/usr/local/share/texmf' for dfont files
fonts           > names > 0 entries found, 0 dfont files checked, 0 okay
fonts           > names > scanning path '/usr/share/texmf' for dfont files
fonts           > names > 0 entries found, 0 dfont files checked, 0 okay
fonts           > names > scanning path '/usr/share/texlive/texmf-dist' for dfont files
fonts           > names > 0 entries found, 0 dfont files checked, 0 okay
fonts           > names > identifying tree font files with suffix 'DFONT'
fonts           > names > scanning path '/etc/texmf' for DFONT files
fonts           > names > 0 entries found, 0 DFONT files checked, 0 okay
fonts           > names > scanning path '/var/lib/texmf' for DFONT files
fonts           > names > 0 entries found, 0 DFONT files checked, 0 okay
fonts           > names > scanning path '/usr/local/share/texmf' for DFONT files
fonts           > names > 0 entries found, 0 DFONT files checked, 0 okay
fonts           > names > scanning path '/usr/share/texmf' for DFONT files
fonts           > names > 0 entries found, 0 DFONT files checked, 0 okay
fonts           > names > scanning path '/usr/share/texlive/texmf-dist' for DFONT files
fonts           > names > 0 entries found, 0 DFONT files checked, 0 okay
fonts           > names > 0 tree files identified, 0 skipped, 0 duplicates, 0 hash entries added, runtime 0.089 seconds
fonts           > names > identifying tree font files with suffix 'afm'
fonts           > names > scanning path '/etc/texmf' for afm files
fonts           > names > 0 entries found, 0 afm files checked, 0 okay
fonts           > names > scanning path '/var/lib/texmf' for afm files
fonts           > names > 0 entries found, 0 afm files checked, 0 okay
fonts           > names > scanning path '/usr/local/share/texmf' for afm files
fonts           > names > 0 entries found, 0 afm files checked, 0 okay
fonts           > names > scanning path '/usr/share/texmf' for afm files
fonts           > names > 0 entries found, 194 afm files checked, 194 okay
fonts           > names > scanning path '/usr/share/texlive/texmf-dist' for afm files
fonts           > names > 0 entries found, 369 afm files checked, 369 okay
fonts           > names > identifying tree font files with suffix 'AFM'
fonts           > names > scanning path '/etc/texmf' for AFM files
fonts           > names > 0 entries found, 0 AFM files checked, 0 okay
fonts           > names > scanning path '/var/lib/texmf' for AFM files
fonts           > names > 0 entries found, 0 AFM files checked, 0 okay
fonts           > names > scanning path '/usr/local/share/texmf' for AFM files
fonts           > names > 0 entries found, 0 AFM files checked, 0 okay
fonts           > names > scanning path '/usr/share/texmf' for AFM files
fonts           > names > 0 entries found, 194 AFM files checked, 194 okay
fonts           > names > scanning path '/usr/share/texlive/texmf-dist' for AFM files
fonts           > names > 0 entries found, 369 AFM files checked, 369 okay
fonts           > names > 1126 tree files identified, 563 skipped, 563 duplicates, 563 hash entries added, runtime 0.216 seconds
fonts           > names > identifying system font files with suffix 'otf'
fonts           > names > identifying system font files with suffix 'OTF'
fonts           > names > 0 system files identified, 0 skipped, 0 duplicates, 0 hash entries added, runtime 0.000 seconds
fonts           > names > identifying system font files with suffix 'ttf'
fonts           > names > identifying system font files with suffix 'TTF'
fonts           > names > 0 system files identified, 0 skipped, 0 duplicates, 0 hash entries added, runtime 0.000 seconds
fonts           > names > identifying system font files with suffix 'ttc'
fonts           > names > identifying system font files with suffix 'TTC'
fonts           > names > 0 system files identified, 0 skipped, 0 duplicates, 0 hash entries added, runtime 0.000 seconds
fonts           > names > identifying system font files with suffix 'dfont'
fonts           > names > identifying system font files with suffix 'DFONT'
fonts           > names > 0 system files identified, 0 skipped, 0 duplicates, 0 hash entries added, runtime 0.000 seconds
fonts           > names > identifying system font files with suffix 'afm'
fonts           > names > identifying system font files with suffix 'AFM'
fonts           > names > 0 system files identified, 0 skipped, 0 duplicates, 0 hash entries added, runtime 0.000 seconds
fonts           > names > 84 files rejected due to clashes
fonts           > names > 81 double lookups in 'mappings'
fonts           > names > 0 double lookups in 'fallbacks'
fonts           > names > 
fonts           > names > weights
fonts           > names > 
fonts           > names >   bold=105 | demi=7 | light=6 | medium=212 | normal=180
fonts           > names > 
fonts           > names > styles
fonts           > names > 
fonts           > names >   italic=76 | normal=434
fonts           > names > 
fonts           > names > widths
fonts           > names > 
fonts           > names >   condensed=12 | normal=498
fonts           > names > 
fonts           > names > variants
fonts           > names > 
fonts           > names >   normal=506 | smallcaps=4
fonts           > names > 
fonts           > names > angles
fonts           > names > 
fonts           > names >   -10.00=1 | -10.30=1 | -10.50=1 | -12.00=1 | -13.00=1 | -14.00=1 | -14.04=1 | -15.00=1 | -5.71=1 | -9.00=1 | -9.46=1 | -9.50=1 | -9.90=1 | 0.00=1 | 5.71=1
fonts           > names > 
fonts           > names > pfmweights
fonts           > names > 
fonts           > names >   0         : 0=436
fonts           > names >   400       : 400=53
fonts           > names >   600       : 600=4
fonts           > names >   700       : 700=17
fonts           > names > 
fonts           > names > pfmwidths
fonts           > names > 
fonts           > names >   0         : 0=436
fonts           > names >   5         : 5=74
fonts           > names > 
fonts           > names > total scan time 1.046 seconds
system          > lua > compiling '/home/travis/.texmf-var/luatex-cache/context/b47c3d3cee7cb6c86268d0595268c442/fonts/data/names.tma' into '/home/travis/.texmf-var/luatex-cache/context/b47c3d3cee7cb6c86268d0595268c442/fonts/data/names.tmc'
system          > lua > dumping '/home/travis/.texmf-var/luatex-cache/context/b47c3d3cee7cb6c86268d0595268c442/fonts/data/names.tma' into '/home/travis/.texmf-var/luatex-cache/context/b47c3d3cee7cb6c86268d0595268c442/fonts/data/names.tmc' stripped
fonts           > names > accessing the data table failed
fonts           > defining > font with asked name 'texgyreheros-regular' is not found using lookup 'file'
fonts           > defining > unknown font 'texgyreheros-regular', loading aborted
fonts           > defining > unable to define 'texgyreheros-regular' as 'helvetica-11pt-ss-tf-0--0'
fonts           > otf loading > loading '/usr/share/texmf/fonts/opentype/public/lm-math/latinmodern-math.otf', hash 'latinmodern-math'
fonts           > otf loading > loading done
fonts           > otf loading > file size: 733736
fonts           > otf loading > 15 lookup tags compacted
fonts           > otf loading > 3028 bogus names removed
fonts           > otf loading > saving '/usr/share/texmf/fonts/opentype/public/lm-math/latinmodern-math.otf' in cache
system          > lua > compiling '/home/travis/.texmf-var/luatex-cache/context/b47c3d3cee7cb6c86268d0595268c442/fonts/otf/latinmodern-math.tma' into '/home/travis/.texmf-var/luatex-cache/context/b47c3d3cee7cb6c86268d0595268c442/fonts/otf/latinmodern-math.tmc'
system          > lua > dumping '/home/travis/.texmf-var/luatex-cache/context/b47c3d3cee7cb6c86268d0595268c442/fonts/otf/latinmodern-math.tma' into '/home/travis/.texmf-var/luatex-cache/context/b47c3d3cee7cb6c86268d0595268c442/fonts/otf/latinmodern-math.tmc' stripped
fonts           > otf loading > preprocessing and caching time 0.374, packtime 0.043
structure       > sectioning > section @ level 3 : 0.0.1 -> Stefanos Georgiou
fonts           > defining > font with asked name 'texgyreheros-regular' is not found using lookup 'file'
fonts           > defining > unknown font 'texgyreheros-regular', loading aborted
fonts           > defining > unable to define 'texgyreheros-regular' as 'helvetica-11pt-ss-tf-0-d-0'
fonts           > defining > font with asked name 'texgyreheros-bold' is not found using lookup 'file'
fonts           > defining > unknown font 'texgyreheros-bold', loading aborted
fonts           > defining > unable to define 'texgyreheros-bold' as 'helvetica-11pt-ss-bf-0-d-0'
fonts           > defining > font with asked name 'texgyreheros-bold' is not found using lookup 'file'
fonts           > defining > unknown font 'texgyreheros-bold', loading aborted
fonts           > defining > unable to define 'texgyreheros-bold' as 'helvetica-11pt-ss-bf-0--0'
fonts           > defining > font with asked name 'texgyreheros-bold' is not found using lookup 'file'
fonts           > defining > unknown font 'texgyreheros-bold', loading aborted
fonts           > defining > unable to define 'texgyreheros-bold' as 'helvetica-11pt-ss-bf-0--0'
structure       > sectioning > subsection @ level 4 : 0.0.1.1 -> Education
fonts           > defining > font with asked name 'texgyreheros-regular' is not found using lookup 'file'
fonts           > defining > unknown font 'texgyreheros-regular', loading aborted
fonts           > defining > unable to define 'texgyreheros-regular' as 'helvetica-11pt-ss-tf-0-b-0'
fonts           > defining > font with asked name 'texgyreheros-bold' is not found using lookup 'file'
fonts           > defining > unknown font 'texgyreheros-bold', loading aborted
fonts           > defining > unable to define 'texgyreheros-bold' as 'helvetica-11pt-ss-bf-0-b-0'
fonts           > defining > font with asked name 'texgyreheros-bold' is not found using lookup 'file'
fonts           > defining > unknown font 'texgyreheros-bold', loading aborted
fonts           > defining > unable to define 'texgyreheros-bold' as 'helvetica-11pt-ss-bf-0--0'
fonts           > defining > font with asked name 'texgyreheros-bold' is not found using lookup 'file'
fonts           > defining > unknown font 'texgyreheros-bold', loading aborted
fonts           > defining > unable to define 'texgyreheros-bold' as 'helvetica-11pt-ss-bf-0--0'
fonts           > defining > font with asked name 'texgyreheros-bold' is not found using lookup 'file'
fonts           > defining > unknown font 'texgyreheros-bold', loading aborted
fonts           > defining > unable to define 'texgyreheros-bold' as 'helvetica-11pt-ss-bf-0--0'
fonts           > defining > font with asked name 'texgyreheros-italic' is not found using lookup 'file'
fonts           > defining > unknown font 'texgyreheros-italic', loading aborted
fonts           > defining > unable to define 'texgyreheros-italic' as 'helvetica-11pt-ss-sl-0--0'
fonts           > defining > font with asked name 'texgyreheros-italic' is not found using lookup 'file'
fonts           > defining > unknown font 'texgyreheros-italic', loading aborted
fonts           > defining > unable to define 'texgyreheros-italic' as 'helvetica-11pt-ss-sl-0--0'
fonts           > defining > font with asked name 'texgyreheros-bolditalic' is not found using lookup 'file'
fonts           > defining > unknown font 'texgyreheros-bolditalic', loading aborted
fonts           > defining > unable to define 'texgyreheros-bolditalic' as 'helvetica-11pt-ss-bs-0--0'
fonts           > defining > font with asked name 'texgyreheros-bolditalic' is not found using lookup 'file'
fonts           > defining > unknown font 'texgyreheros-bolditalic', loading aborted
fonts           > defining > unable to define 'texgyreheros-bolditalic' as 'helvetica-11pt-ss-bs-0--0'
fonts           > defining > font with asked name 'texgyreheros-bold' is not found using lookup 'file'
fonts           > defining > unknown font 'texgyreheros-bold', loading aborted
fonts           > defining > unable to define 'texgyreheros-bold' as 'helvetica-11pt-ss-bf-0--0'
fonts           > defining > font with asked name 'texgyreheros-bold' is not found using lookup 'file'
fonts           > defining > unknown font 'texgyreheros-bold', loading aborted
fonts           > defining > unable to define 'texgyreheros-bold' as 'helvetica-11pt-ss-bf-0--0'
fonts           > defining > font with asked name 'texgyreheros-bold' is not found using lookup 'file'
fonts           > defining > unknown font 'texgyreheros-bold', loading aborted
fonts           > defining > unable to define 'texgyreheros-bold' as 'helvetica-11pt-ss-bf-0--0'
fonts           > defining > font with asked name 'texgyreheros-italic' is not found using lookup 'file'
fonts           > defining > unknown font 'texgyreheros-italic', loading aborted
fonts           > defining > unable to define 'texgyreheros-italic' as 'helvetica-11pt-ss-sl-0--0'
fonts           > defining > font with asked name 'texgyreheros-bold' is not found using lookup 'file'
fonts           > defining > unknown font 'texgyreheros-bold', loading aborted
fonts           > defining > unable to define 'texgyreheros-bold' as 'helvetica-11pt-ss-bf-0--0'
fonts           > defining > font with asked name 'texgyreheros-italic' is not found using lookup 'file'
fonts           > defining > unknown font 'texgyreheros-italic', loading aborted
fonts           > defining > unable to define 'texgyreheros-italic' as 'helvetica-11pt-ss-sl-0--0'
fonts           > defining > font with asked name 'texgyreheros-bold' is not found using lookup 'file'
fonts           > defining > unknown font 'texgyreheros-bold', loading aborted
fonts           > defining > unable to define 'texgyreheros-bold' as 'helvetica-11pt-ss-bf-0--0'
fonts           > defining > font with asked name 'texgyreheros-italic' is not found using lookup 'file'
fonts           > defining > unknown font 'texgyreheros-italic', loading aborted
fonts           > defining > unable to define 'texgyreheros-italic' as 'helvetica-11pt-ss-sl-0--0'
fonts           > defining > font with asked name 'texgyreheros-bold' is not found using lookup 'file'
fonts           > defining > unknown font 'texgyreheros-bold', loading aborted
fonts           > defining > unable to define 'texgyreheros-bold' as 'helvetica-11pt-ss-bf-0--0'
fonts           > defining > font with asked name 'texgyreheros-italic' is not found using lookup 'file'
fonts           > defining > unknown font 'texgyreheros-italic', loading aborted
fonts           > defining > unable to define 'texgyreheros-italic' as 'helvetica-11pt-ss-sl-0--0'
fonts           > defining > font with asked name 'texgyreheros-bold' is not found using lookup 'file'
fonts           > defining > unknown font 'texgyreheros-bold', loading aborted
fonts           > defining > unable to define 'texgyreheros-bold' as 'helvetica-11pt-ss-bf-0--0'
fonts           > defining > font with asked name 'texgyreheros-bold' is not found using lookup 'file'
fonts           > defining > unknown font 'texgyreheros-bold', loading aborted
fonts           > defining > unable to define 'texgyreheros-bold' as 'helvetica-11pt-ss-bf-0--0'
fonts           > defining > font with asked name 'texgyreheros-bold' is not found using lookup 'file'
fonts           > defining > unknown font 'texgyreheros-bold', loading aborted
fonts           > defining > unable to define 'texgyreheros-bold' as 'helvetica-11pt-ss-bf-0--0'
fonts           > defining > font with asked name 'texgyreheros-bold' is not found using lookup 'file'
fonts           > defining > unknown font 'texgyreheros-bold', loading aborted
fonts           > defining > unable to define 'texgyreheros-bold' as 'helvetica-11pt-ss-bf-0--0'
fonts           > defining > font with asked name 'texgyreheros-italic' is not found using lookup 'file'
fonts           > defining > unknown font 'texgyreheros-italic', loading aborted
fonts           > defining > unable to define 'texgyreheros-italic' as 'helvetica-11pt-ss-sl-0--0'
fonts           > defining > font with asked name 'texgyreheros-bold' is not found using lookup 'file'
fonts           > defining > unknown font 'texgyreheros-bold', loading aborted
fonts           > defining > unable to define 'texgyreheros-bold' as 'helvetica-11pt-ss-bf-0--0'
fonts           > defining > font with asked name 'texgyreheros-bold' is not found using lookup 'file'
fonts           > defining > unknown font 'texgyreheros-bold', loading aborted
fonts           > defining > unable to define 'texgyreheros-bold' as 'helvetica-11pt-ss-bf-0--0'
structure       > sectioning > subsection @ level 4 : 0.0.1.2 -> Industrial experience
fonts           > defining > font with asked name 'texgyreheros-regular' is not found using lookup 'file'
fonts           > defining > unknown font 'texgyreheros-regular', loading aborted
fonts           > defining > unable to define 'texgyreheros-regular' as 'helvetica-11pt-ss-tf-0-b-0'
fonts           > defining > font with asked name 'texgyreheros-bold' is not found using lookup 'file'
fonts           > defining > unknown font 'texgyreheros-bold', loading aborted
fonts           > defining > unable to define 'texgyreheros-bold' as 'helvetica-11pt-ss-bf-0-b-0'
fonts           > defining > font with asked name 'texgyreheros-bold' is not found using lookup 'file'
fonts           > defining > unknown font 'texgyreheros-bold', loading aborted
fonts           > defining > unable to define 'texgyreheros-bold' as 'helvetica-11pt-ss-bf-0--0'
fonts           > defining > font with asked name 'texgyreheros-bold' is not found using lookup 'file'
fonts           > defining > unknown font 'texgyreheros-bold', loading aborted
fonts           > defining > unable to define 'texgyreheros-bold' as 'helvetica-11pt-ss-bf-0--0'
fonts           > defining > font with asked name 'texgyreheros-bold' is not found using lookup 'file'
fonts           > defining > unknown font 'texgyreheros-bold', loading aborted
fonts           > defining > unable to define 'texgyreheros-bold' as 'helvetica-11pt-ss-bf-0--0'
fonts           > defining > font with asked name 'texgyreheros-bold' is not found using lookup 'file'
fonts           > defining > unknown font 'texgyreheros-bold', loading aborted
fonts           > defining > unable to define 'texgyreheros-bold' as 'helvetica-11pt-ss-bf-0--0'
fonts           > defining > font with asked name 'texgyreheros-italic' is not found using lookup 'file'
fonts           > defining > unknown font 'texgyreheros-italic', loading aborted
fonts           > defining > unable to define 'texgyreheros-italic' as 'helvetica-11pt-ss-sl-0--0'
structure       > sectioning > subsection @ level 4 : 0.0.1.3 -> Teaching experience
fonts           > defining > font with asked name 'texgyreheros-regular' is not found using lookup 'file'
fonts           > defining > unknown font 'texgyreheros-regular', loading aborted
fonts           > defining > unable to define 'texgyreheros-regular' as 'helvetica-11pt-ss-tf-0-b-0'
fonts           > defining > font with asked name 'texgyreheros-bold' is not found using lookup 'file'
fonts           > defining > unknown font 'texgyreheros-bold', loading aborted
fonts           > defining > unable to define 'texgyreheros-bold' as 'helvetica-11pt-ss-bf-0-b-0'
fonts           > defining > font with asked name 'texgyreheros-bold' is not found using lookup 'file'
fonts           > defining > unknown font 'texgyreheros-bold', loading aborted
fonts           > defining > unable to define 'texgyreheros-bold' as 'helvetica-11pt-ss-bf-0--0'
fonts           > defining > font with asked name 'texgyreheros-bold' is not found using lookup 'file'
fonts           > defining > unknown font 'texgyreheros-bold', loading aborted
fonts           > defining > unable to define 'texgyreheros-bold' as 'helvetica-11pt-ss-bf-0--0'
fonts           > defining > font with asked name 'texgyreheros-bold' is not found using lookup 'file'
fonts           > defining > unknown font 'texgyreheros-bold', loading aborted
fonts           > defining > unable to define 'texgyreheros-bold' as 'helvetica-11pt-ss-bf-0--0'
fonts           > defining > font with asked name 'texgyreheros-bold' is not found using lookup 'file'
fonts           > defining > unknown font 'texgyreheros-bold', loading aborted
fonts           > defining > unable to define 'texgyreheros-bold' as 'helvetica-11pt-ss-bf-0--0'
structure       > sectioning > subsection @ level 4 : 0.0.1.4 -> Technical Experience
fonts           > defining > font with asked name 'texgyreheros-regular' is not found using lookup 'file'
fonts           > defining > unknown font 'texgyreheros-regular', loading aborted
fonts           > defining > unable to define 'texgyreheros-regular' as 'helvetica-11pt-ss-tf-0-b-0'
fonts           > defining > font with asked name 'texgyreheros-bold' is not found using lookup 'file'
fonts           > defining > unknown font 'texgyreheros-bold', loading aborted
fonts           > defining > unable to define 'texgyreheros-bold' as 'helvetica-11pt-ss-bf-0-b-0'
backend         > xmp > using file '/usr/share/texmf/tex/context/base/lpdf-pdx.xml'
pages           > flushing realpage 1, userpage 1
fonts           > defining > font with asked name 'texgyreheros-bold' is not found using lookup 'file'
fonts           > defining > unknown font 'texgyreheros-bold', loading aborted
fonts           > defining > unable to define 'texgyreheros-bold' as 'helvetica-11pt-ss-bf-0--0'
fonts           > defining > font with asked name 'texgyreheros-bolditalic' is not found using lookup 'file'
fonts           > defining > unknown font 'texgyreheros-bolditalic', loading aborted
fonts           > defining > unable to define 'texgyreheros-bolditalic' as 'helvetica-11pt-ss-bs-0--0'
fonts           > defining > font with asked name 'texgyreheros-bold' is not found using lookup 'file'
fonts           > defining > unknown font 'texgyreheros-bold', loading aborted
fonts           > defining > unable to define 'texgyreheros-bold' as 'helvetica-11pt-ss-bf-0--0'
fonts           > defining > font with asked name 'texgyreheros-bolditalic' is not found using lookup 'file'
fonts           > defining > unknown font 'texgyreheros-bolditalic', loading aborted
fonts           > defining > unable to define 'texgyreheros-bolditalic' as 'helvetica-11pt-ss-bs-0--0'
fonts           > defining > font with asked name 'texgyreheros-italic' is not found using lookup 'file'
fonts           > defining > unknown font 'texgyreheros-italic', loading aborted
fonts           > defining > unable to define 'texgyreheros-italic' as 'helvetica-11pt-ss-sl-0--0'
fonts           > defining > font with asked name 'texgyreheros-italic' is not found using lookup 'file'
fonts           > defining > unknown font 'texgyreheros-italic', loading aborted
fonts           > defining > unable to define 'texgyreheros-italic' as 'helvetica-11pt-ss-sl-0--0'
fonts           > defining > font with asked name 'texgyreheros-bold' is not found using lookup 'file'
fonts           > defining > unknown font 'texgyreheros-bold', loading aborted
fonts           > defining > unable to define 'texgyreheros-bold' as 'helvetica-11pt-ss-bf-0--0'
fonts           > defining > font with asked name 'texgyreheros-bolditalic' is not found using lookup 'file'
fonts           > defining > unknown font 'texgyreheros-bolditalic', loading aborted
fonts           > defining > unable to define 'texgyreheros-bolditalic' as 'helvetica-11pt-ss-bs-0--0'
fonts           > defining > font with asked name 'texgyreheros-bold' is not found using lookup 'file'
fonts           > defining > unknown font 'texgyreheros-bold', loading aborted
fonts           > defining > unable to define 'texgyreheros-bold' as 'helvetica-11pt-ss-bf-0--0'
fonts           > defining > font with asked name 'texgyreheros-bolditalic' is not found using lookup 'file'
fonts           > defining > unknown font 'texgyreheros-bolditalic', loading aborted
fonts           > defining > unable to define 'texgyreheros-bolditalic' as 'helvetica-11pt-ss-bs-0--0'
fonts           > defining > font with asked name 'texgyreheros-italic' is not found using lookup 'file'
fonts           > defining > unknown font 'texgyreheros-italic', loading aborted
fonts           > defining > unable to define 'texgyreheros-italic' as 'helvetica-11pt-ss-sl-0--0'
fonts           > defining > font with asked name 'texgyreheros-bold' is not found using lookup 'file'
fonts           > defining > unknown font 'texgyreheros-bold', loading aborted
fonts           > defining > unable to define 'texgyreheros-bold' as 'helvetica-11pt-ss-bf-0--0'
fonts           > defining > font with asked name 'texgyreheros-bold' is not found using lookup 'file'
fonts           > defining > unknown font 'texgyreheros-bold', loading aborted
fonts           > defining > unable to define 'texgyreheros-bold' as 'helvetica-11pt-ss-bf-0--0'
fonts           > defining > font with asked name 'texgyreheros-italic' is not found using lookup 'file'
fonts           > defining > unknown font 'texgyreheros-italic', loading aborted
fonts           > defining > unable to define 'texgyreheros-italic' as 'helvetica-11pt-ss-sl-0--0'
fonts           > defining > font with asked name 'texgyreheros-bold' is not found using lookup 'file'
fonts           > defining > unknown font 'texgyreheros-bold', loading aborted
fonts           > defining > unable to define 'texgyreheros-bold' as 'helvetica-11pt-ss-bf-0--0'
fonts           > defining > font with asked name 'texgyreheros-italic' is not found using lookup 'file'
fonts           > defining > unknown font 'texgyreheros-italic', loading aborted
fonts           > defining > unable to define 'texgyreheros-italic' as 'helvetica-11pt-ss-sl-0--0'
fonts           > defining > font with asked name 'texgyreheros-bold' is not found using lookup 'file'
fonts           > defining > unknown font 'texgyreheros-bold', loading aborted
fonts           > defining > unable to define 'texgyreheros-bold' as 'helvetica-11pt-ss-bf-0--0'
fonts           > defining > font with asked name 'texgyreheros-italic' is not found using lookup 'file'
fonts           > defining > unknown font 'texgyreheros-italic', loading aborted
fonts           > defining > unable to define 'texgyreheros-italic' as 'helvetica-11pt-ss-sl-0--0'
fonts           > defining > font with asked name 'texgyreheros-bold' is not found using lookup 'file'
fonts           > defining > unknown font 'texgyreheros-bold', loading aborted
fonts           > defining > unable to define 'texgyreheros-bold' as 'helvetica-11pt-ss-bf-0--0'
structure       > sectioning > subsection @ level 4 : 0.0.1.5 -> Research Publications
fonts           > defining > font with asked name 'texgyreheros-regular' is not found using lookup 'file'
fonts           > defining > unknown font 'texgyreheros-regular', loading aborted
fonts           > defining > unable to define 'texgyreheros-regular' as 'helvetica-11pt-ss-tf-0-b-0'
fonts           > defining > font with asked name 'texgyreheros-bold' is not found using lookup 'file'
fonts           > defining > unknown font 'texgyreheros-bold', loading aborted
fonts           > defining > unable to define 'texgyreheros-bold' as 'helvetica-11pt-ss-bf-0-b-0'
fonts           > defining > font with asked name 'texgyreheros-bold' is not found using lookup 'file'
fonts           > defining > unknown font 'texgyreheros-bold', loading aborted
fonts           > defining > unable to define 'texgyreheros-bold' as 'helvetica-11pt-ss-bf-0--0'
fonts           > defining > font with asked name 'texgyreheros-bold' is not found using lookup 'file'
fonts           > defining > unknown font 'texgyreheros-bold', loading aborted
fonts           > defining > unable to define 'texgyreheros-bold' as 'helvetica-11pt-ss-bf-0--0'
fonts           > defining > font with asked name 'texgyreheros-bold' is not found using lookup 'file'
fonts           > defining > unknown font 'texgyreheros-bold', loading aborted
fonts           > defining > unable to define 'texgyreheros-bold' as 'helvetica-11pt-ss-bf-0--0'
fonts           > defining > font with asked name 'texgyreheros-bold' is not found using lookup 'file'
fonts           > defining > unknown font 'texgyreheros-bold', loading aborted
fonts           > defining > unable to define 'texgyreheros-bold' as 'helvetica-11pt-ss-bf-0--0'

Overfull \hbox (0.26071pt too wide) in paragraph at lines 202--212
 [][][][] \3>helvetica-11pt-mm-mb--1 Ste-fanos Geor-giou, Maria Kecha-gia Panos Louri-das, and Dio-midis Spinel-lis. What
fonts           > defining > font with asked name 'texgyreheros-bold' is not found using lookup 'file'
fonts           > defining > unknown font 'texgyreheros-bold', loading aborted
fonts           > defining > unable to define 'texgyreheros-bold' as 'helvetica-11pt-ss-bf-0--0'
fonts           > defining > font with asked name 'texgyreheros-bold' is not found using lookup 'file'
fonts           > defining > unknown font 'texgyreheros-bold', loading aborted
fonts           > defining > unable to define 'texgyreheros-bold' as 'helvetica-11pt-ss-bf-0--0'
fonts           > defining > font with asked name 'texgyreheros-bold' is not found using lookup 'file'
fonts           > defining > unknown font 'texgyreheros-bold', loading aborted
fonts           > defining > unable to define 'texgyreheros-bold' as 'helvetica-11pt-ss-bf-0--0'
fonts           > defining > font with asked name 'texgyreheros-bold' is not found using lookup 'file'
fonts           > defining > unknown font 'texgyreheros-bold', loading aborted
fonts           > defining > unable to define 'texgyreheros-bold' as 'helvetica-11pt-ss-bf-0--0'
structure       > sectioning > subsection @ level 4 : 0.0.1.6 -> Invited Talks
fonts           > defining > font with asked name 'texgyreheros-regular' is not found using lookup 'file'
fonts           > defining > unknown font 'texgyreheros-regular', loading aborted
fonts           > defining > unable to define 'texgyreheros-regular' as 'helvetica-11pt-ss-tf-0-b-0'
fonts           > defining > font with asked name 'texgyreheros-bold' is not found using lookup 'file'
fonts           > defining > unknown font 'texgyreheros-bold', loading aborted
fonts           > defining > unable to define 'texgyreheros-bold' as 'helvetica-11pt-ss-bf-0-b-0'
fonts           > defining > font with asked name 'texgyreheros-bold' is not found using lookup 'file'
fonts           > defining > unknown font 'texgyreheros-bold', loading aborted
fonts           > defining > unable to define 'texgyreheros-bold' as 'helvetica-11pt-ss-bf-0--0'
fonts           > defining > font with asked name 'texgyreheros-bold' is not found using lookup 'file'
fonts           > defining > unknown font 'texgyreheros-bold', loading aborted
fonts           > defining > unable to define 'texgyreheros-bold' as 'helvetica-11pt-ss-bf-0--0'
fonts           > defining > font with asked name 'texgyreheros-italic' is not found using lookup 'file'
fonts           > defining > unknown font 'texgyreheros-italic', loading aborted
fonts           > defining > unable to define 'texgyreheros-italic' as 'helvetica-11pt-ss-sl-0--0'
fonts           > defining > font with asked name 'texgyreheros-bold' is not found using lookup 'file'
fonts           > defining > unknown font 'texgyreheros-bold', loading aborted
fonts           > defining > unable to define 'texgyreheros-bold' as 'helvetica-11pt-ss-bf-0--0'
fonts           > defining > font with asked name 'texgyreheros-bold' is not found using lookup 'file'
fonts           > defining > unknown font 'texgyreheros-bold', loading aborted
fonts           > defining > unable to define 'texgyreheros-bold' as 'helvetica-11pt-ss-bf-0--0'
fonts           > defining > font with asked name 'texgyreheros-bold' is not found using lookup 'file'
fonts           > defining > unknown font 'texgyreheros-bold', loading aborted
fonts           > defining > unable to define 'texgyreheros-bold' as 'helvetica-11pt-ss-bf-0--0'
fonts           > defining > font with asked name 'texgyreheros-italic' is not found using lookup 'file'
fonts           > defining > unknown font 'texgyreheros-italic', loading aborted
fonts           > defining > unable to define 'texgyreheros-italic' as 'helvetica-11pt-ss-sl-0--0'
fonts           > defining > font with asked name 'texgyreheros-bold' is not found using lookup 'file'
fonts           > defining > unknown font 'texgyreheros-bold', loading aborted
fonts           > defining > unable to define 'texgyreheros-bold' as 'helvetica-11pt-ss-bf-0--0'

Overfull \hbox (1.8864pt too wide) in paragraph at lines 243--247
 \3>helvetica-11pt-mm-mb--1 sented on 12th of June 2018 at PER-C-COM's Sum-mer School in Lappeen-
structure       > sectioning > subsection @ level 4 : 0.0.1.7 -> Grands, Awards, Languages, and Living Abroad
fonts           > defining > font with asked name 'texgyreheros-regular' is not found using lookup 'file'
fonts           > defining > unknown font 'texgyreheros-regular', loading aborted
fonts           > defining > unable to define 'texgyreheros-regular' as 'helvetica-11pt-ss-tf-0-b-0'
fonts           > defining > font with asked name 'texgyreheros-bold' is not found using lookup 'file'
fonts           > defining > unknown font 'texgyreheros-bold', loading aborted
fonts           > defining > unable to define 'texgyreheros-bold' as 'helvetica-11pt-ss-bf-0-b-0'
pages           > flushing realpage 2, userpage 2
pages           > flushing realpage 3, userpage 3
close source    > 2 > 4 > web/index.tex
close source    > 1 > 4 > /usr/share/texmf/tex/context/base/cont-yes.mkiv

mkiv lua stats  > used config file: /usr/share/texmf/web2c/texmfcnf.lua;/usr/share/texlive/texmf-dist/web2c/texmfcnf.lua
mkiv lua stats  > used cache path: readable: '/var/lib/texmf/luatex-cache/context/b47c3d3cee7cb6c86268d0595268c442' | readable+writable: '/home/travis/.texmf-var/luatex-cache/context/b47c3d3cee7cb6c86268d0595268c442'
mkiv lua stats  > resource resolver: loadtime 0.016 seconds, 0 scans with scantime 0.000 seconds, 0 shared scans, 529 found files, scanned paths: <none>
mkiv lua stats  > stored bytecode data: 371 modules (0.219 sec), 78 tables (0.009 sec), 449 chunks (0.228 sec)
mkiv lua stats  > traced context: maxstack: 1150, freed: 18, unreachable: 1132
mkiv lua stats  > running in nuts mode: yes
mkiv lua stats  > cleaned up reserved nodes: 53 nodes, 439 lists of 438
mkiv lua stats  > node memory usage: 2 glue, 2 penalty, 12 attribute, 53 glue_spec, 3 attribute_list, 2 temp
mkiv lua stats  > node list callback tasks: 6 unique task lists, 6 instances (re)created, 644 calls
mkiv lua stats  > used backend: pdf (backend for directly generating pdf output)
mkiv lua stats  > loaded patterns: en::2, load time: 0.000
mkiv lua stats  > jobdata time: 0.002 seconds saving, 0.001 seconds loading
mkiv lua stats  > callbacks: 1212 direct, 839 indirect, 2051 total
mkiv lua stats  > randomizer: resumed with value 0.98254495439238
mkiv lua stats  > interactive elements: 26 references, 16 destinations
mkiv lua stats  > result saved in file: web/index.pdf.pdf, compresslevel 3, objectcompresslevel 3
mkiv lua stats  > loaded fonts: 1 files: latinmodern-math.otf
mkiv lua stats  > fonts load time: 1.670 seconds 
mkiv lua stats  > pdf annotations: 26 links (26 unique), 0 special
mkiv lua stats  > used platform: linux-64, type: unix, binary subtree: usr
mkiv lua stats  > luatex banner: this is luatex, version beta-0.80.0 (tex live 2015/debian) (rev 5238)
mkiv lua stats  > control sequences: 43436 of 65536 + 100000
mkiv lua stats  > lua properties: engine: lua, used memory: 96 MB (ctx: 95 MB), hash type: lua, hash chars: min(64,40), symbol mask: utf (τεχ)
mkiv lua stats  > runtime: 2.024 seconds, 3 processed pages, 3 shipped pages, 1.482 pages/second

mtx-context     | run 2: luatex --fmt="/var/lib/texmf/luatex-cache/context/b47c3d3cee7cb6c86268d0595268c442/formats/luatex/cont-en" --jobname="index" --lua="/var/lib/texmf/luatex-cache/context/b47c3d3cee7cb6c86268d0595268c442/formats/luatex/cont-en.lui" --no-parse-first-line --c:currentrun=2 --c:fulljobname="web/index.tex" --c:input="web/index.tex" --c:kindofrun=2 --c:maxnofruns=9 --c:result="web/index.pdf" "cont-yes.mkiv"
This is LuaTeX, Version beta-0.80.0 (TeX Live 2015/Debian) (rev 5238) 
 \write18 enabled.
open source     > 1 > 1 > /usr/share/texmf/tex/context/base/cont-yes.mkiv

ConTeXt  ver: 2015.05.18 12:26 MKIV current  fmt: 2019.1.13  int: english/english

system          > 'cont-new.mkiv' loaded
open source     > 2 > 2 > /usr/share/texmf/tex/context/base/cont-new.mkiv
close source    > 2 > 2 > /usr/share/texmf/tex/context/base/cont-new.mkiv
system          > files > jobname 'index', input 'web/index', result 'web/index.pdf'
fonts           > latin modern fonts are not preloaded
languages       > language 'en' is active
open source     > 2 > 3 > web/index.tex
colors          > defining > unknown library 'hex'
open source     > 3 > 4 > /usr/share/texmf/tex/context/base/type-imp-texgyre.mkiv
close source    > 3 > 4 > /usr/share/texmf/tex/context/base/type-imp-texgyre.mkiv
fonts           > defining > font with asked name 'texgyreheros-regular' is not found using lookup 'file'
fonts           > defining > unknown font 'texgyreheros-regular', loading aborted
fonts           > defining > unable to define 'texgyreheros-regular' as 'helvetica-11pt-ss-tf-0--0'
structure       > sectioning > section @ level 3 : 0.0.1 -> Stefanos Georgiou
fonts           > defining > font with asked name 'texgyreheros-regular' is not found using lookup 'file'
fonts           > defining > unknown font 'texgyreheros-regular', loading aborted
fonts           > defining > unable to define 'texgyreheros-regular' as 'helvetica-11pt-ss-tf-0-d-0'
fonts           > defining > font with asked name 'texgyreheros-bold' is not found using lookup 'file'
fonts           > defining > unknown font 'texgyreheros-bold', loading aborted
fonts           > defining > unable to define 'texgyreheros-bold' as 'helvetica-11pt-ss-bf-0-d-0'
fonts           > defining > font with asked name 'texgyreheros-bold' is not found using lookup 'file'
fonts           > defining > unknown font 'texgyreheros-bold', loading aborted
fonts           > defining > unable to define 'texgyreheros-bold' as 'helvetica-11pt-ss-bf-0--0'
fonts           > defining > font with asked name 'texgyreheros-bold' is not found using lookup 'file'
fonts           > defining > unknown font 'texgyreheros-bold', loading aborted
fonts           > defining > unable to define 'texgyreheros-bold' as 'helvetica-11pt-ss-bf-0--0'
structure       > sectioning > subsection @ level 4 : 0.0.1.1 -> Education
fonts           > defining > font with asked name 'texgyreheros-regular' is not found using lookup 'file'
fonts           > defining > unknown font 'texgyreheros-regular', loading aborted
fonts           > defining > unable to define 'texgyreheros-regular' as 'helvetica-11pt-ss-tf-0-b-0'
fonts           > defining > font with asked name 'texgyreheros-bold' is not found using lookup 'file'
fonts           > defining > unknown font 'texgyreheros-bold', loading aborted
fonts           > defining > unable to define 'texgyreheros-bold' as 'helvetica-11pt-ss-bf-0-b-0'
fonts           > defining > font with asked name 'texgyreheros-bold' is not found using lookup 'file'
fonts           > defining > unknown font 'texgyreheros-bold', loading aborted
fonts           > defining > unable to define 'texgyreheros-bold' as 'helvetica-11pt-ss-bf-0--0'
fonts           > defining > font with asked name 'texgyreheros-bold' is not found using lookup 'file'
fonts           > defining > unknown font 'texgyreheros-bold', loading aborted
fonts           > defining > unable to define 'texgyreheros-bold' as 'helvetica-11pt-ss-bf-0--0'
fonts           > defining > font with asked name 'texgyreheros-bold' is not found using lookup 'file'
fonts           > defining > unknown font 'texgyreheros-bold', loading aborted
fonts           > defining > unable to define 'texgyreheros-bold' as 'helvetica-11pt-ss-bf-0--0'
fonts           > defining > font with asked name 'texgyreheros-italic' is not found using lookup 'file'
fonts           > defining > unknown font 'texgyreheros-italic', loading aborted
fonts           > defining > unable to define 'texgyreheros-italic' as 'helvetica-11pt-ss-sl-0--0'
fonts           > defining > font with asked name 'texgyreheros-italic' is not found using lookup 'file'
fonts           > defining > unknown font 'texgyreheros-italic', loading aborted
fonts           > defining > unable to define 'texgyreheros-italic' as 'helvetica-11pt-ss-sl-0--0'
fonts           > defining > font with asked name 'texgyreheros-bolditalic' is not found using lookup 'file'
fonts           > defining > unknown font 'texgyreheros-bolditalic', loading aborted
fonts           > defining > unable to define 'texgyreheros-bolditalic' as 'helvetica-11pt-ss-bs-0--0'
fonts           > defining > font with asked name 'texgyreheros-bolditalic' is not found using lookup 'file'
fonts           > defining > unknown font 'texgyreheros-bolditalic', loading aborted
fonts           > defining > unable to define 'texgyreheros-bolditalic' as 'helvetica-11pt-ss-bs-0--0'
fonts           > defining > font with asked name 'texgyreheros-bold' is not found using lookup 'file'
fonts           > defining > unknown font 'texgyreheros-bold', loading aborted
fonts           > defining > unable to define 'texgyreheros-bold' as 'helvetica-11pt-ss-bf-0--0'
fonts           > defining > font with asked name 'texgyreheros-bold' is not found using lookup 'file'
fonts           > defining > unknown font 'texgyreheros-bold', loading aborted
fonts           > defining > unable to define 'texgyreheros-bold' as 'helvetica-11pt-ss-bf-0--0'
fonts           > defining > font with asked name 'texgyreheros-bold' is not found using lookup 'file'
fonts           > defining > unknown font 'texgyreheros-bold', loading aborted
fonts           > defining > unable to define 'texgyreheros-bold' as 'helvetica-11pt-ss-bf-0--0'
fonts           > defining > font with asked name 'texgyreheros-italic' is not found using lookup 'file'
fonts           > defining > unknown font 'texgyreheros-italic', loading aborted
fonts           > defining > unable to define 'texgyreheros-italic' as 'helvetica-11pt-ss-sl-0--0'
fonts           > defining > font with asked name 'texgyreheros-bold' is not found using lookup 'file'
fonts           > defining > unknown font 'texgyreheros-bold', loading aborted
fonts           > defining > unable to define 'texgyreheros-bold' as 'helvetica-11pt-ss-bf-0--0'
fonts           > defining > font with asked name 'texgyreheros-italic' is not found using lookup 'file'
fonts           > defining > unknown font 'texgyreheros-italic', loading aborted
fonts           > defining > unable to define 'texgyreheros-italic' as 'helvetica-11pt-ss-sl-0--0'
fonts           > defining > font with asked name 'texgyreheros-bold' is not found using lookup 'file'
fonts           > defining > unknown font 'texgyreheros-bold', loading aborted
fonts           > defining > unable to define 'texgyreheros-bold' as 'helvetica-11pt-ss-bf-0--0'
fonts           > defining > font with asked name 'texgyreheros-italic' is not found using lookup 'file'
fonts           > defining > unknown font 'texgyreheros-italic', loading aborted
fonts           > defining > unable to define 'texgyreheros-italic' as 'helvetica-11pt-ss-sl-0--0'
fonts           > defining > font with asked name 'texgyreheros-bold' is not found using lookup 'file'
fonts           > defining > unknown font 'texgyreheros-bold', loading aborted
fonts           > defining > unable to define 'texgyreheros-bold' as 'helvetica-11pt-ss-bf-0--0'
fonts           > defining > font with asked name 'texgyreheros-italic' is not found using lookup 'file'
fonts           > defining > unknown font 'texgyreheros-italic', loading aborted
fonts           > defining > unable to define 'texgyreheros-italic' as 'helvetica-11pt-ss-sl-0--0'
fonts           > defining > font with asked name 'texgyreheros-bold' is not found using lookup 'file'
fonts           > defining > unknown font 'texgyreheros-bold', loading aborted
fonts           > defining > unable to define 'texgyreheros-bold' as 'helvetica-11pt-ss-bf-0--0'
fonts           > defining > font with asked name 'texgyreheros-bold' is not found using lookup 'file'
fonts           > defining > unknown font 'texgyreheros-bold', loading aborted
fonts           > defining > unable to define 'texgyreheros-bold' as 'helvetica-11pt-ss-bf-0--0'
fonts           > defining > font with asked name 'texgyreheros-bold' is not found using lookup 'file'
fonts           > defining > unknown font 'texgyreheros-bold', loading aborted
fonts           > defining > unable to define 'texgyreheros-bold' as 'helvetica-11pt-ss-bf-0--0'
fonts           > defining > font with asked name 'texgyreheros-bold' is not found using lookup 'file'
fonts           > defining > unknown font 'texgyreheros-bold', loading aborted
fonts           > defining > unable to define 'texgyreheros-bold' as 'helvetica-11pt-ss-bf-0--0'
fonts           > defining > font with asked name 'texgyreheros-italic' is not found using lookup 'file'
fonts           > defining > unknown font 'texgyreheros-italic', loading aborted
fonts           > defining > unable to define 'texgyreheros-italic' as 'helvetica-11pt-ss-sl-0--0'
fonts           > defining > font with asked name 'texgyreheros-bold' is not found using lookup 'file'
fonts           > defining > unknown font 'texgyreheros-bold', loading aborted
fonts           > defining > unable to define 'texgyreheros-bold' as 'helvetica-11pt-ss-bf-0--0'
fonts           > defining > font with asked name 'texgyreheros-bold' is not found using lookup 'file'
fonts           > defining > unknown font 'texgyreheros-bold', loading aborted
fonts           > defining > unable to define 'texgyreheros-bold' as 'helvetica-11pt-ss-bf-0--0'
structure       > sectioning > subsection @ level 4 : 0.0.1.2 -> Industrial experience
fonts           > defining > font with asked name 'texgyreheros-regular' is not found using lookup 'file'
fonts           > defining > unknown font 'texgyreheros-regular', loading aborted
fonts           > defining > unable to define 'texgyreheros-regular' as 'helvetica-11pt-ss-tf-0-b-0'
fonts           > defining > font with asked name 'texgyreheros-bold' is not found using lookup 'file'
fonts           > defining > unknown font 'texgyreheros-bold', loading aborted
fonts           > defining > unable to define 'texgyreheros-bold' as 'helvetica-11pt-ss-bf-0-b-0'
fonts           > defining > font with asked name 'texgyreheros-bold' is not found using lookup 'file'
fonts           > defining > unknown font 'texgyreheros-bold', loading aborted
fonts           > defining > unable to define 'texgyreheros-bold' as 'helvetica-11pt-ss-bf-0--0'
fonts           > defining > font with asked name 'texgyreheros-bold' is not found using lookup 'file'
fonts           > defining > unknown font 'texgyreheros-bold', loading aborted
fonts           > defining > unable to define 'texgyreheros-bold' as 'helvetica-11pt-ss-bf-0--0'
fonts           > defining > font with asked name 'texgyreheros-bold' is not found using lookup 'file'
fonts           > defining > unknown font 'texgyreheros-bold', loading aborted
fonts           > defining > unable to define 'texgyreheros-bold' as 'helvetica-11pt-ss-bf-0--0'
fonts           > defining > font with asked name 'texgyreheros-bold' is not found using lookup 'file'
fonts           > defining > unknown font 'texgyreheros-bold', loading aborted
fonts           > defining > unable to define 'texgyreheros-bold' as 'helvetica-11pt-ss-bf-0--0'
fonts           > defining > font with asked name 'texgyreheros-italic' is not found using lookup 'file'
fonts           > defining > unknown font 'texgyreheros-italic', loading aborted
fonts           > defining > unable to define 'texgyreheros-italic' as 'helvetica-11pt-ss-sl-0--0'
structure       > sectioning > subsection @ level 4 : 0.0.1.3 -> Teaching experience
fonts           > defining > font with asked name 'texgyreheros-regular' is not found using lookup 'file'
fonts           > defining > unknown font 'texgyreheros-regular', loading aborted
fonts           > defining > unable to define 'texgyreheros-regular' as 'helvetica-11pt-ss-tf-0-b-0'
fonts           > defining > font with asked name 'texgyreheros-bold' is not found using lookup 'file'
fonts           > defining > unknown font 'texgyreheros-bold', loading aborted
fonts           > defining > unable to define 'texgyreheros-bold' as 'helvetica-11pt-ss-bf-0-b-0'
fonts           > defining > font with asked name 'texgyreheros-bold' is not found using lookup 'file'
fonts           > defining > unknown font 'texgyreheros-bold', loading aborted
fonts           > defining > unable to define 'texgyreheros-bold' as 'helvetica-11pt-ss-bf-0--0'
fonts           > defining > font with asked name 'texgyreheros-bold' is not found using lookup 'file'
fonts           > defining > unknown font 'texgyreheros-bold', loading aborted
fonts           > defining > unable to define 'texgyreheros-bold' as 'helvetica-11pt-ss-bf-0--0'
fonts           > defining > font with asked name 'texgyreheros-bold' is not found using lookup 'file'
fonts           > defining > unknown font 'texgyreheros-bold', loading aborted
fonts           > defining > unable to define 'texgyreheros-bold' as 'helvetica-11pt-ss-bf-0--0'
fonts           > defining > font with asked name 'texgyreheros-bold' is not found using lookup 'file'
fonts           > defining > unknown font 'texgyreheros-bold', loading aborted
fonts           > defining > unable to define 'texgyreheros-bold' as 'helvetica-11pt-ss-bf-0--0'
structure       > sectioning > subsection @ level 4 : 0.0.1.4 -> Technical Experience
fonts           > defining > font with asked name 'texgyreheros-regular' is not found using lookup 'file'
fonts           > defining > unknown font 'texgyreheros-regular', loading aborted
fonts           > defining > unable to define 'texgyreheros-regular' as 'helvetica-11pt-ss-tf-0-b-0'
fonts           > defining > font with asked name 'texgyreheros-bold' is not found using lookup 'file'
fonts           > defining > unknown font 'texgyreheros-bold', loading aborted
fonts           > defining > unable to define 'texgyreheros-bold' as 'helvetica-11pt-ss-bf-0-b-0'
backend         > xmp > using file '/usr/share/texmf/tex/context/base/lpdf-pdx.xml'
pages           > flushing realpage 1, userpage 1
fonts           > defining > font with asked name 'texgyreheros-bold' is not found using lookup 'file'
fonts           > defining > unknown font 'texgyreheros-bold', loading aborted
fonts           > defining > unable to define 'texgyreheros-bold' as 'helvetica-11pt-ss-bf-0--0'
fonts           > defining > font with asked name 'texgyreheros-bolditalic' is not found using lookup 'file'
fonts           > defining > unknown font 'texgyreheros-bolditalic', loading aborted
fonts           > defining > unable to define 'texgyreheros-bolditalic' as 'helvetica-11pt-ss-bs-0--0'
fonts           > defining > font with asked name 'texgyreheros-bold' is not found using lookup 'file'
fonts           > defining > unknown font 'texgyreheros-bold', loading aborted
fonts           > defining > unable to define 'texgyreheros-bold' as 'helvetica-11pt-ss-bf-0--0'
fonts           > defining > font with asked name 'texgyreheros-bolditalic' is not found using lookup 'file'
fonts           > defining > unknown font 'texgyreheros-bolditalic', loading aborted
fonts           > defining > unable to define 'texgyreheros-bolditalic' as 'helvetica-11pt-ss-bs-0--0'
fonts           > defining > font with asked name 'texgyreheros-italic' is not found using lookup 'file'
fonts           > defining > unknown font 'texgyreheros-italic', loading aborted
fonts           > defining > unable to define 'texgyreheros-italic' as 'helvetica-11pt-ss-sl-0--0'
fonts           > defining > font with asked name 'texgyreheros-italic' is not found using lookup 'file'
fonts           > defining > unknown font 'texgyreheros-italic', loading aborted
fonts           > defining > unable to define 'texgyreheros-italic' as 'helvetica-11pt-ss-sl-0--0'
fonts           > defining > font with asked name 'texgyreheros-bold' is not found using lookup 'file'
fonts           > defining > unknown font 'texgyreheros-bold', loading aborted
fonts           > defining > unable to define 'texgyreheros-bold' as 'helvetica-11pt-ss-bf-0--0'
fonts           > defining > font with asked name 'texgyreheros-bolditalic' is not found using lookup 'file'
fonts           > defining > unknown font 'texgyreheros-bolditalic', loading aborted
fonts           > defining > unable to define 'texgyreheros-bolditalic' as 'helvetica-11pt-ss-bs-0--0'
fonts           > defining > font with asked name 'texgyreheros-bold' is not found using lookup 'file'
fonts           > defining > unknown font 'texgyreheros-bold', loading aborted
fonts           > defining > unable to define 'texgyreheros-bold' as 'helvetica-11pt-ss-bf-0--0'
fonts           > defining > font with asked name 'texgyreheros-bolditalic' is not found using lookup 'file'
fonts           > defining > unknown font 'texgyreheros-bolditalic', loading aborted
fonts           > defining > unable to define 'texgyreheros-bolditalic' as 'helvetica-11pt-ss-bs-0--0'
fonts           > defining > font with asked name 'texgyreheros-italic' is not found using lookup 'file'
fonts           > defining > unknown font 'texgyreheros-italic', loading aborted
fonts           > defining > unable to define 'texgyreheros-italic' as 'helvetica-11pt-ss-sl-0--0'
fonts           > defining > font with asked name 'texgyreheros-bold' is not found using lookup 'file'
fonts           > defining > unknown font 'texgyreheros-bold', loading aborted
fonts           > defining > unable to define 'texgyreheros-bold' as 'helvetica-11pt-ss-bf-0--0'
fonts           > defining > font with asked name 'texgyreheros-bold' is not found using lookup 'file'
fonts           > defining > unknown font 'texgyreheros-bold', loading aborted
fonts           > defining > unable to define 'texgyreheros-bold' as 'helvetica-11pt-ss-bf-0--0'
fonts           > defining > font with asked name 'texgyreheros-italic' is not found using lookup 'file'
fonts           > defining > unknown font 'texgyreheros-italic', loading aborted
fonts           > defining > unable to define 'texgyreheros-italic' as 'helvetica-11pt-ss-sl-0--0'
fonts           > defining > font with asked name 'texgyreheros-bold' is not found using lookup 'file'
fonts           > defining > unknown font 'texgyreheros-bold', loading aborted
fonts           > defining > unable to define 'texgyreheros-bold' as 'helvetica-11pt-ss-bf-0--0'
fonts           > defining > font with asked name 'texgyreheros-italic' is not found using lookup 'file'
fonts           > defining > unknown font 'texgyreheros-italic', loading aborted
fonts           > defining > unable to define 'texgyreheros-italic' as 'helvetica-11pt-ss-sl-0--0'
fonts           > defining > font with asked name 'texgyreheros-bold' is not found using lookup 'file'
fonts           > defining > unknown font 'texgyreheros-bold', loading aborted
fonts           > defining > unable to define 'texgyreheros-bold' as 'helvetica-11pt-ss-bf-0--0'
fonts           > defining > font with asked name 'texgyreheros-italic' is not found using lookup 'file'
fonts           > defining > unknown font 'texgyreheros-italic', loading aborted
fonts           > defining > unable to define 'texgyreheros-italic' as 'helvetica-11pt-ss-sl-0--0'
fonts           > defining > font with asked name 'texgyreheros-bold' is not found using lookup 'file'
fonts           > defining > unknown font 'texgyreheros-bold', loading aborted
fonts           > defining > unable to define 'texgyreheros-bold' as 'helvetica-11pt-ss-bf-0--0'
structure       > sectioning > subsection @ level 4 : 0.0.1.5 -> Research Publications
fonts           > defining > font with asked name 'texgyreheros-regular' is not found using lookup 'file'
fonts           > defining > unknown font 'texgyreheros-regular', loading aborted
fonts           > defining > unable to define 'texgyreheros-regular' as 'helvetica-11pt-ss-tf-0-b-0'
fonts           > defining > font with asked name 'texgyreheros-bold' is not found using lookup 'file'
fonts           > defining > unknown font 'texgyreheros-bold', loading aborted
fonts           > defining > unable to define 'texgyreheros-bold' as 'helvetica-11pt-ss-bf-0-b-0'
fonts           > defining > font with asked name 'texgyreheros-bold' is not found using lookup 'file'
fonts           > defining > unknown font 'texgyreheros-bold', loading aborted
fonts           > defining > unable to define 'texgyreheros-bold' as 'helvetica-11pt-ss-bf-0--0'
fonts           > defining > font with asked name 'texgyreheros-bold' is not found using lookup 'file'
fonts           > defining > unknown font 'texgyreheros-bold', loading aborted
fonts           > defining > unable to define 'texgyreheros-bold' as 'helvetica-11pt-ss-bf-0--0'
fonts           > defining > font with asked name 'texgyreheros-bold' is not found using lookup 'file'
fonts           > defining > unknown font 'texgyreheros-bold', loading aborted
fonts           > defining > unable to define 'texgyreheros-bold' as 'helvetica-11pt-ss-bf-0--0'
fonts           > defining > font with asked name 'texgyreheros-bold' is not found using lookup 'file'
fonts           > defining > unknown font 'texgyreheros-bold', loading aborted
fonts           > defining > unable to define 'texgyreheros-bold' as 'helvetica-11pt-ss-bf-0--0'

Overfull \hbox (0.26071pt too wide) in paragraph at lines 202--212
 [][][][] \3>helvetica-11pt-mm-mb--1 Ste-fanos Geor-giou, Maria Kecha-gia Panos Louri-das, and Dio-midis Spinel-lis. What
fonts           > defining > font with asked name 'texgyreheros-bold' is not found using lookup 'file'
fonts           > defining > unknown font 'texgyreheros-bold', loading aborted
fonts           > defining > unable to define 'texgyreheros-bold' as 'helvetica-11pt-ss-bf-0--0'
fonts           > defining > font with asked name 'texgyreheros-bold' is not found using lookup 'file'
fonts           > defining > unknown font 'texgyreheros-bold', loading aborted
fonts           > defining > unable to define 'texgyreheros-bold' as 'helvetica-11pt-ss-bf-0--0'
fonts           > defining > font with asked name 'texgyreheros-bold' is not found using lookup 'file'
fonts           > defining > unknown font 'texgyreheros-bold', loading aborted
fonts           > defining > unable to define 'texgyreheros-bold' as 'helvetica-11pt-ss-bf-0--0'
fonts           > defining > font with asked name 'texgyreheros-bold' is not found using lookup 'file'
fonts           > defining > unknown font 'texgyreheros-bold', loading aborted
fonts           > defining > unable to define 'texgyreheros-bold' as 'helvetica-11pt-ss-bf-0--0'
structure       > sectioning > subsection @ level 4 : 0.0.1.6 -> Invited Talks
fonts           > defining > font with asked name 'texgyreheros-regular' is not found using lookup 'file'
fonts           > defining > unknown font 'texgyreheros-regular', loading aborted
fonts           > defining > unable to define 'texgyreheros-regular' as 'helvetica-11pt-ss-tf-0-b-0'
fonts           > defining > font with asked name 'texgyreheros-bold' is not found using lookup 'file'
fonts           > defining > unknown font 'texgyreheros-bold', loading aborted
fonts           > defining > unable to define 'texgyreheros-bold' as 'helvetica-11pt-ss-bf-0-b-0'
fonts           > defining > font with asked name 'texgyreheros-bold' is not found using lookup 'file'
fonts           > defining > unknown font 'texgyreheros-bold', loading aborted
fonts           > defining > unable to define 'texgyreheros-bold' as 'helvetica-11pt-ss-bf-0--0'
fonts           > defining > font with asked name 'texgyreheros-bold' is not found using lookup 'file'
fonts           > defining > unknown font 'texgyreheros-bold', loading aborted
fonts           > defining > unable to define 'texgyreheros-bold' as 'helvetica-11pt-ss-bf-0--0'
fonts           > defining > font with asked name 'texgyreheros-italic' is not found using lookup 'file'
fonts           > defining > unknown font 'texgyreheros-italic', loading aborted
fonts           > defining > unable to define 'texgyreheros-italic' as 'helvetica-11pt-ss-sl-0--0'
fonts           > defining > font with asked name 'texgyreheros-bold' is not found using lookup 'file'
fonts           > defining > unknown font 'texgyreheros-bold', loading aborted
fonts           > defining > unable to define 'texgyreheros-bold' as 'helvetica-11pt-ss-bf-0--0'
fonts           > defining > font with asked name 'texgyreheros-bold' is not found using lookup 'file'
fonts           > defining > unknown font 'texgyreheros-bold', loading aborted
fonts           > defining > unable to define 'texgyreheros-bold' as 'helvetica-11pt-ss-bf-0--0'
fonts           > defining > font with asked name 'texgyreheros-bold' is not found using lookup 'file'
fonts           > defining > unknown font 'texgyreheros-bold', loading aborted
fonts           > defining > unable to define 'texgyreheros-bold' as 'helvetica-11pt-ss-bf-0--0'
fonts           > defining > font with asked name 'texgyreheros-italic' is not found using lookup 'file'
fonts           > defining > unknown font 'texgyreheros-italic', loading aborted
fonts           > defining > unable to define 'texgyreheros-italic' as 'helvetica-11pt-ss-sl-0--0'
fonts           > defining > font with asked name 'texgyreheros-bold' is not found using lookup 'file'
fonts           > defining > unknown font 'texgyreheros-bold', loading aborted
fonts           > defining > unable to define 'texgyreheros-bold' as 'helvetica-11pt-ss-bf-0--0'

Overfull \hbox (1.8864pt too wide) in paragraph at lines 243--247
 \3>helvetica-11pt-mm-mb--1 sented on 12th of June 2018 at PER-C-COM's Sum-mer School in Lappeen-
structure       > sectioning > subsection @ level 4 : 0.0.1.7 -> Grands, Awards, Languages, and Living Abroad
fonts           > defining > font with asked name 'texgyreheros-regular' is not found using lookup 'file'
fonts           > defining > unknown font 'texgyreheros-regular', loading aborted
fonts           > defining > unable to define 'texgyreheros-regular' as 'helvetica-11pt-ss-tf-0-b-0'
fonts           > defining > font with asked name 'texgyreheros-bold' is not found using lookup 'file'
fonts           > defining > unknown font 'texgyreheros-bold', loading aborted
fonts           > defining > unable to define 'texgyreheros-bold' as 'helvetica-11pt-ss-bf-0-b-0'
pages           > flushing realpage 2, userpage 2
pages           > flushing realpage 3, userpage 3
close source    > 2 > 4 > web/index.tex
close source    > 1 > 4 > /usr/share/texmf/tex/context/base/cont-yes.mkiv

mkiv lua stats  > used config file: /usr/share/texmf/web2c/texmfcnf.lua;/usr/share/texlive/texmf-dist/web2c/texmfcnf.lua
mkiv lua stats  > used cache path: readable: '/var/lib/texmf/luatex-cache/context/b47c3d3cee7cb6c86268d0595268c442' | readable+writable: '/home/travis/.texmf-var/luatex-cache/context/b47c3d3cee7cb6c86268d0595268c442'
mkiv lua stats  > resource resolver: loadtime 0.016 seconds, 0 scans with scantime 0.000 seconds, 0 shared scans, 9 found files, scanned paths: <none>
mkiv lua stats  > stored bytecode data: 371 modules (0.216 sec), 78 tables (0.009 sec), 449 chunks (0.225 sec)
mkiv lua stats  > traced context: maxstack: 1150, freed: 18, unreachable: 1132
mkiv lua stats  > running in nuts mode: yes
mkiv lua stats  > cleaned up reserved nodes: 53 nodes, 439 lists of 438
mkiv lua stats  > node memory usage: 2 glue, 2 penalty, 12 attribute, 53 glue_spec, 3 attribute_list, 2 temp
mkiv lua stats  > node list callback tasks: 6 unique task lists, 6 instances (re)created, 644 calls
mkiv lua stats  > used backend: pdf (backend for directly generating pdf output)
mkiv lua stats  > loaded patterns: en::2, load time: 0.000
mkiv lua stats  > jobdata time: 0.002 seconds saving, 0.001 seconds loading
mkiv lua stats  > callbacks: 1212 direct, 839 indirect, 2051 total
mkiv lua stats  > randomizer: resumed with value 0.98254495439238
mkiv lua stats  > interactive elements: 26 references, 16 destinations
mkiv lua stats  > result saved in file: web/index.pdf.pdf, compresslevel 3, objectcompresslevel 3
mkiv lua stats  > loaded fonts: 1 files: latinmodern-math.otf
mkiv lua stats  > fonts load time: 0.188 seconds 
mkiv lua stats  > pdf annotations: 26 links (26 unique), 0 special
mkiv lua stats  > used platform: linux-64, type: unix, binary subtree: usr
mkiv lua stats  > luatex banner: this is luatex, version beta-0.80.0 (tex live 2015/debian) (rev 5238)
mkiv lua stats  > control sequences: 43435 of 65536 + 100000
mkiv lua stats  > lua properties: engine: lua, used memory: 67 MB (ctx: 67 MB), hash type: lua, hash chars: min(64,40), symbol mask: utf (τεχ)
mkiv lua stats  > runtime: 0.534 seconds, 3 processed pages, 3 shipped pages, 5.618 pages/second

mtx-context     | result renamed to: web/index
system          | total runtime: 3.022 seconds
