(/usr/share/texmf/tex/context/base/cont-yes.mkiv

ConTeXt  ver: 2013.05.28 00:36 MKIV current  fmt: 2018.7.23  int: english/english

system          > 'cont-new.mkiv' loaded
(/usr/share/texmf/tex/context/base/cont-new.mkiv)
system          > files > jobname 'index', input 'web/index', result 'web/index.pdf'
fonts           > latin modern fonts are not preloaded
languages       > language 'en' is active
(web/index.tex
colors          > defining > unknown library 'hex'
fonts           > typescripts > unknown library 'loc'
(/usr/share/texmf/tex/context/base/type-imp-texgyre.mkiv){/usr/share/texmf/fonts/map/dvips/lm/lm-math.map}{/usr/share/texmf/fonts/map/dvips/lm/lm-rm.map}{/usr/share/texmf/fonts/map/pdftex/context/mkiv-base.map}
structure       > sectioning > section @ level 3 : 0.0.1 -> Stefanos Georgiou
structure       > sectioning > subsection @ level 4 : 0.0.1.1 -> Education
structure       > sectioning > subsection @ level 4 : 0.0.1.2 -> Experience
structure       > sectioning > subsection @ level 4 : 0.0.1.3 -> Technical Experience
backend         > xmp > using file '/usr/share/texmf/tex/context/base/lpdf-pdx.xml'
pages           > flushing realpage 1, userpage 1
structure       > sectioning > subsection @ level 4 : 0.0.1.4 -> Research Publications

Overfull \hbox (1.80424pt too wide) in paragraph at lines 185--189
 [][][][] \3>helvetica-11pt-ss-tf-0--0 Ste-fanos Geor-giou and Dio-midis Spinel-lis. En-ergy-De-lay In-ves-ti-ga-tion of Re-mote In-ter-Process

\hbox(11.62029+4.51895)x483.69687, glue set - 1.0, direction TLT
.\glue(\leftskip) 33.0
.\whatsit
..\localinterlinepenalty=0
..\localbrokenpenalty=0
..\localleftbox=null
..\localrightbox=null
.\hbox(0.0+0.0)x0.0, direction TLT
.\hbox(11.62029+4.51895)x0.0, glue set - 16.5fil, direction TLT
..\glue 0.0 plus 1.0fil minus 1.0fil
..\hbox(11.62029+4.51895)x16.5, direction TLT
...\hbox(11.62029+4.51895)x16.5, glue set 6.65836fil, direction TLT []
.\hbox(11.62029+4.51895)x0.0, direction TLT
.etc.

structure       > sectioning > subsection @ level 4 : 0.0.1.5 -> Invited Talks
structure       > sectioning > subsection @ level 4 : 0.0.1.6 -> Grands, Awards, Languages, and Living Abroad
pages           > flushing realpage 2, userpage 2
pages           > flushing realpage 3, userpage 3
 ) )</usr/share/texlive/texmf-dist/fonts/opentype/public/lm-math/latinmodern-math.otf></usr/share/texmf/fonts/opentype/public/tex-gyre/texgyreheros-bolditalic.otf></usr/share/texmf/fonts/opentype/public/tex-gyre/texgyreheros-regular.otf></usr/share/texmf/fonts/opentype/public/tex-gyre/texgyreheros-italic.otf></usr/share/texmf/fonts/opentype/public/tex-gyre/texgyreheros-bold.otf>

system          > files > start used files

used files      >    1: filename=cont-yes.mkiv filetype=tex foundname=/usr/share/texmf/tex/context/base/cont-yes.mkiv usedmethod=database
used files      >    2: filename=cont-new.mkiv filetype=tex foundname=/usr/share/texmf/tex/context/base/cont-new.mkiv usedmethod=database
used files      >    3: filename=lang-us.lua filetype=lua foundname=/usr/share/texmf/tex/context/patterns/lang-us.lua usedmethod=database
used files      >    4: filename=web/index.tex foundname=web/index.tex usedmethod=direct
used files      >    5: filename=type-imp-texgyre.mkiv filetype=tex foundname=/usr/share/texmf/tex/context/base/type-imp-texgyre.mkiv usedmethod=database
used files      >    6: filename=lm.lfg filetype=tex foundname=/usr/share/texmf/tex/context/fonts/lm.lfg usedmethod=database
used files      >    7: filename=lm-math.lfg filetype=tex foundname=/usr/share/texmf/tex/context/fonts/lm-math.lfg usedmethod=database
used files      >    8: filename=lm-math.map filetype=map format=map foundname=/usr/share/texmf/fonts/map/dvips/lm/lm-math.map usedmethod=database
used files      >    9: filename=lm-rm.map filetype=map format=map foundname=/usr/share/texmf/fonts/map/dvips/lm/lm-rm.map usedmethod=database
used files      >   10: filename=mkiv-base.map filetype=map format=map foundname=/usr/share/texmf/fonts/map/pdftex/context/mkiv-base.map usedmethod=database
used files      >   11: filename=texgyreheros-regular filetype=otf format=otf foundname=/usr/share/texmf/fonts/opentype/public/tex-gyre/texgyreheros-regular.otf usedmethod=database
used files      >   12: filename=latinmodern-math.otf filetype=opentypefonts foundname=/usr/share/texlive/texmf-dist/fonts/opentype/public/lm-math/latinmodern-math.otf usedmethod=database
used files      >   13: filename=latinmodern-math.otf filetype=otf format=otf foundname=/usr/share/texlive/texmf-dist/fonts/opentype/public/lm-math/latinmodern-math.otf usedmethod=database
used files      >   14: filename=texgyreheros-bold filetype=otf format=otf foundname=/usr/share/texmf/fonts/opentype/public/tex-gyre/texgyreheros-bold.otf usedmethod=database
used files      >   15: filename=texgyreheros-italic filetype=otf format=otf foundname=/usr/share/texmf/fonts/opentype/public/tex-gyre/texgyreheros-italic.otf usedmethod=database
used files      >   16: filename=texgyreheros-bolditalic filetype=otf format=otf foundname=/usr/share/texmf/fonts/opentype/public/tex-gyre/texgyreheros-bolditalic.otf usedmethod=database
used files      >   17: filename=lpdf-pdx.xml filetype=tex foundname=/usr/share/texmf/tex/context/base/lpdf-pdx.xml usedmethod=database

system          > files > stop used files


system          > structure > start used structure

used structure  > text: index

system          > structure > stop used structure


system          > files > start used files

used file       >    1: filename=cont-yes.mkiv filetype=tex foundname=/usr/share/texmf/tex/context/base/cont-yes.mkiv usedmethod=database
used file       >    2: filename=cont-new.mkiv filetype=tex foundname=/usr/share/texmf/tex/context/base/cont-new.mkiv usedmethod=database
used file       >    3: filename=lang-us.lua filetype=lua foundname=/usr/share/texmf/tex/context/patterns/lang-us.lua usedmethod=database
used file       >    4: filename=web/index.tex foundname=web/index.tex usedmethod=direct
used file       >    5: filename=type-imp-texgyre.mkiv filetype=tex foundname=/usr/share/texmf/tex/context/base/type-imp-texgyre.mkiv usedmethod=database
used file       >    6: filename=lm.lfg filetype=tex foundname=/usr/share/texmf/tex/context/fonts/lm.lfg usedmethod=database
used file       >    7: filename=lm-math.lfg filetype=tex foundname=/usr/share/texmf/tex/context/fonts/lm-math.lfg usedmethod=database
used file       >    8: filename=lm-math.map filetype=map format=map foundname=/usr/share/texmf/fonts/map/dvips/lm/lm-math.map usedmethod=database
used file       >    9: filename=lm-rm.map filetype=map format=map foundname=/usr/share/texmf/fonts/map/dvips/lm/lm-rm.map usedmethod=database
used file       >   10: filename=mkiv-base.map filetype=map format=map foundname=/usr/share/texmf/fonts/map/pdftex/context/mkiv-base.map usedmethod=database
used file       >   11: filename=texgyreheros-regular filetype=otf format=otf foundname=/usr/share/texmf/fonts/opentype/public/tex-gyre/texgyreheros-regular.otf usedmethod=database
used file       >   12: filename=latinmodern-math.otf filetype=opentypefonts foundname=/usr/share/texlive/texmf-dist/fonts/opentype/public/lm-math/latinmodern-math.otf usedmethod=database
used file       >   13: filename=latinmodern-math.otf filetype=otf format=otf foundname=/usr/share/texlive/texmf-dist/fonts/opentype/public/lm-math/latinmodern-math.otf usedmethod=database
used file       >   14: filename=texgyreheros-bold filetype=otf format=otf foundname=/usr/share/texmf/fonts/opentype/public/tex-gyre/texgyreheros-bold.otf usedmethod=database
used file       >   15: filename=texgyreheros-italic filetype=otf format=otf foundname=/usr/share/texmf/fonts/opentype/public/tex-gyre/texgyreheros-italic.otf usedmethod=database
used file       >   16: filename=texgyreheros-bolditalic filetype=otf format=otf foundname=/usr/share/texmf/fonts/opentype/public/tex-gyre/texgyreheros-bolditalic.otf usedmethod=database
used file       >   17: filename=lpdf-pdx.xml filetype=tex foundname=/usr/share/texmf/tex/context/base/lpdf-pdx.xml usedmethod=database

system          > files > stop used files


system          > options > start commandline options

used option     > currentrun="2"
used option     > fulljobname="web/index.tex"
used option     > input="web/index.tex"
used option     > kindofrun="2"
used option     > maxnofruns="8"
used option     > no-parse-first-line="true"
used option     > result="web/index.pdf"

system          > options > stop commandline options

system          > options > start commandline files

used file       >    1: web/index.tex

system          > options > stop commandline files



mkiv lua stats  > used config file: selfautodir:/share/texmf/web2c/texmfcnf.lua
mkiv lua stats  > used cache path: readable: '/var/lib/texmf/luatex-cache/context/f919750633122078d706dd10f1cfd39b' | readable+writable: '/home/travis/.texmf-var/luatex-cache/context/f919750633122078d706dd10f1cfd39b'
mkiv lua stats  > resource resolver: loadtime 0.024 seconds, 0 scans with scantime 0.000 seconds, 0 shared scans, 17 found files, scanned paths: <none>
mkiv lua stats  > stored bytecode data: 329 modules (0.172 sec), 69 tables (0.004 sec), 398 chunks (0.176 sec)
mkiv lua stats  > cleaned up reserved nodes: 50 nodes, 9 lists of 441
mkiv lua stats  > node memory usage: 2 glue, 2 penalty, 12 attribute, 46 glue_spec, 3 attribute_list
mkiv lua stats  > node list callback tasks: 6 unique task lists, 6 instances (re)created, 549 calls
mkiv lua stats  > h-node processing time: 0.052 seconds including kernel
mkiv lua stats  > attribute processing time: 0.011 seconds front- and backend
mkiv lua stats  > used backend: pdf (backend for directly generating pdf output)
mkiv lua stats  > loaded patterns: en::2, load time: 0.000
mkiv lua stats  > jobdata time: 0.003 seconds saving, 0.001 seconds loading
mkiv lua stats  > callbacks: 1087 direct, 752 indirect, 1839 total
mkiv lua stats  > randomizer: resumed with value 0.72695004228826
mkiv lua stats  > lxml preparation time: 0.000 seconds, 0 nodes, 15 lpath calls, 0 cached calls
mkiv lua stats  > interactive elements: 20 references, 14 destinations
mkiv lua stats  > result saved in file: web/index.pdf.pdf, compresslevel 3, objectcompreslevel 3
mkiv lua stats  > loaded fonts: 5 files: latinmodern-math.otf (experimental), texgyreheros-bold.otf, texgyreheros-bolditalic.otf, texgyreheros-italic.otf, texgyreheros-regular.otf
mkiv lua stats  > fonts load time: 0.226 seconds 
mkiv lua stats  > pdf annotations: 20 embedded, 20 unique
mkiv lua stats  > luatex banner: this is luatex, version beta-0.76.0-2013121407  (tex live 2013/dev/debian) (rev 4627)
mkiv lua stats  > control sequences: 37684 of 65536 + 100000
mkiv lua stats  > current memory usage: 60 MB (ctx: 60 MB)
mkiv lua stats  > runtime: 0.954 seconds, 3 processed pages, 3 shipped pages, 3.145 pages/second

